<?xml version="1.0" encoding="UTF-8"?>
<testng-results ignored="0" total="1" passed="1" failed="0" skipped="0">
  <reporter-output>
  </reporter-output>
  <suite started-at="2022-11-13T16:40:41 BDT" name="Default suite" finished-at="2022-11-13T16:41:21 BDT" duration-ms="40012">
    <groups>
    </groups>
    <test started-at="2022-11-13T16:40:41 BDT" name="Default test" finished-at="2022-11-13T16:41:21 BDT" duration-ms="40012">
      <class name="Test.Automation.MiscellaneousAppiumActions">
        <test-method is-config="true" signature="configureAppium()[pri:0, instance:Test.Automation.MiscellaneousAppiumActions@18d87d80]" started-at="2022-11-13T16:40:41 BDT" name="configureAppium" finished-at="2022-11-13T16:41:01 BDT" duration-ms="20772" status="PASS">
          <reporter-output>
          </reporter-output>
        </test-method> <!-- configureAppium -->
        <test-method signature="Misceallaneous()[pri:0, instance:Test.Automation.MiscellaneousAppiumActions@18d87d80]" started-at="2022-11-13T16:41:01 BDT" name="Misceallaneous" finished-at="2022-11-13T16:41:21 BDT" duration-ms="19114" status="PASS">
          <reporter-output>
          </reporter-output>
        </test-method> <!-- Misceallaneous -->
        <test-method is-config="true" signature="teardown()[pri:0, instance:Test.Automation.MiscellaneousAppiumActions@18d87d80]" started-at="2022-11-13T16:41:21 BDT" name="teardown" finished-at="2022-11-13T16:41:21 BDT" duration-ms="1" status="PASS">
          <reporter-output>
          </reporter-output>
        </test-method> <!-- teardown -->
      </class> <!-- Test.Automation.MiscellaneousAppiumActions -->
    </test> <!-- Default test -->
  </suite> <!-- Default suite -->
</testng-results>
