<?xml version="1.0" encoding="UTF-8"?>
<testng-results ignored="0" total="1" passed="1" failed="0" skipped="0">
  <reporter-output>
  </reporter-output>
  <suite started-at="2022-10-23T14:53:51 BDT" name="Default suite" finished-at="2022-10-23T14:54:09 BDT" duration-ms="18375">
    <groups>
    </groups>
    <test started-at="2022-10-23T14:53:51 BDT" name="Default test" finished-at="2022-10-23T14:54:09 BDT" duration-ms="18375">
      <class name="AhadDemo.appium.appiumBasic">
        <test-method signature="AppiumTest()[pri:0, instance:AhadDemo.appium.appiumBasic@5ffead27]" started-at="2022-10-23T14:53:51 BDT" name="AppiumTest" finished-at="2022-10-23T14:54:09 BDT" duration-ms="18313" status="PASS">
          <reporter-output>
          </reporter-output>
        </test-method> <!-- AppiumTest -->
      </class> <!-- AhadDemo.appium.appiumBasic -->
    </test> <!-- Default test -->
  </suite> <!-- Default suite -->
</testng-results>
